13:52:51.49 <info> localhost (in index.js:21)
13:52:51.59 <error> Invalid login, bye (in index.js:34)
13:59:44.97 <error> Unexpected string in JSON at position 27 (in index.js:34)
14:01:00.01 <error> Unexpected string in JSON at position 21 (in index.js:34)
14:01:42.19 <error> Unexpected string in JSON at position 21 (in index.js:34)
14:02:17.29 <error> Unexpected token } in JSON at position 86 (in index.js:34)
14:02:22.89 <info> localhost (in index.js:21)
14:02:54.82 <info> localhost (in index.js:21)
14:03:39.53 <info> localhost (in index.js:21)
14:04:04.21 <info> localhost (in index.js:21)
14:04:30.97 <info> localhost (in index.js:21)
14:07:09.41 <info> localhost (in index.js:21)
14:16:56.47 <info> localhost (in index.js:21)
14:16:56.48 <error> token is not a string! (in index.js:34)
14:16:59.08 <info> localhost (in index.js:21)
14:16:59.08 <error> token is not a string! (in index.js:34)
14:17:02.55 <info> localhost (in index.js:21)
14:17:02.55 <error> token is not a string! (in index.js:34)
14:17:24.59 <info> localhost (in index.js:21)
14:17:24.59 <error> token is not a string! (in index.js:34)
14:17:29.34 <info> localhost (in index.js:21)
14:17:29.34 <error> token is not a string! (in index.js:34)
14:17:42.87 <info> localhost (in index.js:21)
14:17:42.87 <error> token is not a string! (in index.js:34)
14:17:51.15 <info> localhost (in index.js:21)
14:17:51.15 <error> token is not a string! (in index.js:34)
14:18:23.65 <info> localhost (in index.js:21)
14:18:23.65 <error> token is not a string! (in index.js:34)
14:18:42.11 <info> localhost (in index.js:21)
14:19:23.28 <info> localhost (in index.js:21)
14:19:23.28 <error> token is not a string! (in index.js:34)
14:19:28.48 <info> localhost (in index.js:21)
14:19:28.48 <error> token is not a string! (in index.js:34)
14:19:52.52 <info> localhost (in index.js:21)
